[2019-09-01 19:22:05] - [logs/myLog2.log] - [DEBUG] - a debug message.
[2019-09-01 19:22:05] - [logs/myLog2.log] - [INFO] - a info message.
[2019-09-01 19:22:05] - [logs/myLog2.log] - [WARNING] - a warning message.
[2019-09-01 19:22:05] - [logs/myLog2.log] - [ERROR] - a error message.
[2019-09-01 19:22:05] - [logs/myLog2.log] - [CRITICAL] - a critical message.
[2019-09-01 19:33:12] - [logs/myLog2.log] - [DEBUG] - a debug message.
[2019-09-01 19:33:12] - [logs/myLog2.log] - [INFO] - a info message.
[2019-09-01 19:33:12] - [logs/myLog2.log] - [WARNING] - a warning message.
[2019-09-01 19:33:12] - [logs/myLog2.log] - [ERROR] - a error message.
[2019-09-01 19:33:12] - [logs/myLog2.log] - [CRITICAL] - a critical message.
[2019-09-01 19:39:45] - [logs/myLog2.log] - [DEBUG] - a debug message.
[2019-09-01 19:39:45] - [logs/myLog2.log] - [INFO] - a info message.
[2019-09-01 19:39:45] - [logs/myLog2.log] - [WARNING] - a warning message.
[2019-09-01 19:39:45] - [logs/myLog2.log] - [ERROR] - a error message.
[2019-09-01 19:39:45] - [logs/myLog2.log] - [CRITICAL] - a critical message.
[2019-09-01 19:39:58] - [logs/myLog2.log] - [DEBUG] - a debug message.
[2019-09-01 19:39:58] - [logs/myLog2.log] - [INFO] - a info message.
[2019-09-01 19:39:58] - [logs/myLog2.log] - [WARNING] - a warning message.
[2019-09-01 19:39:58] - [logs/myLog2.log] - [ERROR] - a error message.
[2019-09-01 19:39:58] - [logs/myLog2.log] - [CRITICAL] - a critical message.
